
Running test Heart1
Test Finished
Name: Heart1      CPU: 301.607774687

Running test Heart1
Test Finished
Name: Heart1      CPU: 275.909681963

Running test Heart1
Test Finished
Name: Heart1      CPU: 262.656994654

Running test Heart1
Test Finished
Name: Heart1      CPU: 265.776816523

Running test Heart1
Test Finished
Name: Heart1      CPU: 271.977885994

Running test Heart2
Test Finished
Name: Heart2      CPU: 191.049963724

Running test Heart2
Test Finished
Name: Heart2      CPU: 160.311404842

Running test Heart2
Test Finished
Name: Heart2      CPU: 205.554597035

Running test Heart2
Test Finished
Name: Heart2      CPU: 206.739809343

Running test Heart2
Test Finished
Name: Heart2      CPU: 207.730548921

Running test Heart2
Test Finished
Name: Heart2      CPU: 187.094630948

Running test Heart2
Test Finished
Name: Heart2      CPU: 182.216544492

Running test Vessell_bottom
Test Finished
Name: Vessell_bottom      CPU: 594.881646841

Running test Vessell_bottom
Test Finished
Name: Vessell_bottom      CPU: 599.002162058

Running test Vessell_bottom
Test Finished
Name: Vessell_bottom      CPU: 602.85817993

Running test Vessell_bottom
Test Finished
Name: Vessell_bottom      CPU: 567.520104999

Running test Vessell_bottom
Test Finished
Name: Vessell_bottom      CPU: 607.396306315

Running test Vessell_bottom
Test Finished
Name: Vessell_bottom      CPU: 565.42976438

Running test Vessell_bottom
Test Finished
Name: Vessell_bottom      CPU: 572.273508327

Running test Vessell_bottom
Test Finished
Name: Vessell_bottom      CPU: 595.996135543

Running test Vessell_bottom
Test Finished
Name: Vessell_bottom      CPU: 583.352197355

Running test Vessell_bottom
Test Finished
Name: Vessell_bottom      CPU: 584.223284857

Running test Vessell_top
Test Finished
Name: Vessell_top      CPU: 2215.09572713

Running test Vessell_top
Test Finished
Name: Vessell_top      CPU: 2169.75371183

Running test Vessell_top
Test Finished
Name: Vessell_top      CPU: 2162.00882833

Running test Vessell_top
Test Finished
Name: Vessell_top      CPU: 2092.20383308
